<?xml version="1.0" encoding="UTF-8"?>
<testsuite xmlns:xsi="http://www.w3.org/2001/XMLSchema-instance" xsi:noNamespaceSchemaLocation="https://maven.apache.org/surefire/maven-surefire-plugin/xsd/surefire-test-report-3.0.xsd" version="3.0" name="com.alura.aluraflixapi.controller.VideoControllerTest" time="5.927" tests="5" errors="0" skipped="0" failures="0">
  <properties>
    <property name="java.specification.version" value="17"/>
    <property name="sun.jnu.encoding" value="UTF-8"/>
    <property name="java.class.path" value="/Users/laurocorreia/Documents/GitHub/alura-flix-api/target/test-classes:/Users/laurocorreia/Documents/GitHub/alura-flix-api/target/classes:/Users/laurocorreia/.m2/repository/org/springframework/boot/spring-boot-devtools/3.1.5/spring-boot-devtools-3.1.5.jar:/Users/laurocorreia/.m2/repository/org/springframework/boot/spring-boot/3.1.5/spring-boot-3.1.5.jar:/Users/laurocorreia/.m2/repository/org/springframework/spring-context/6.0.13/spring-context-6.0.13.jar:/Users/laurocorreia/.m2/repository/org/springframework/boot/spring-boot-autoconfigure/3.1.5/spring-boot-autoconfigure-3.1.5.jar:/Users/laurocorreia/.m2/repository/org/springframework/boot/spring-boot-starter-web/3.1.5/spring-boot-starter-web-3.1.5.jar:/Users/laurocorreia/.m2/repository/org/springframework/boot/spring-boot-starter/3.1.5/spring-boot-starter-3.1.5.jar:/Users/laurocorreia/.m2/repository/org/springframework/boot/spring-boot-starter-logging/3.1.5/spring-boot-starter-logging-3.1.5.jar:/Users/laurocorreia/.m2/repository/ch/qos/logback/logback-classic/1.4.11/logback-classic-1.4.11.jar:/Users/laurocorreia/.m2/repository/ch/qos/logback/logback-core/1.4.11/logback-core-1.4.11.jar:/Users/laurocorreia/.m2/repository/org/apache/logging/log4j/log4j-to-slf4j/2.20.0/log4j-to-slf4j-2.20.0.jar:/Users/laurocorreia/.m2/repository/org/apache/logging/log4j/log4j-api/2.20.0/log4j-api-2.20.0.jar:/Users/laurocorreia/.m2/repository/org/slf4j/jul-to-slf4j/2.0.9/jul-to-slf4j-2.0.9.jar:/Users/laurocorreia/.m2/repository/jakarta/annotation/jakarta.annotation-api/2.1.1/jakarta.annotation-api-2.1.1.jar:/Users/laurocorreia/.m2/repository/org/yaml/snakeyaml/1.33/snakeyaml-1.33.jar:/Users/laurocorreia/.m2/repository/org/springframework/boot/spring-boot-starter-json/3.1.5/spring-boot-starter-json-3.1.5.jar:/Users/laurocorreia/.m2/repository/com/fasterxml/jackson/datatype/jackson-datatype-jdk8/2.15.3/jackson-datatype-jdk8-2.15.3.jar:/Users/laurocorreia/.m2/repository/com/fasterxml/jackson/datatype/jackson-datatype-jsr310/2.15.3/jackson-datatype-jsr310-2.15.3.jar:/Users/laurocorreia/.m2/repository/com/fasterxml/jackson/module/jackson-module-parameter-names/2.15.3/jackson-module-parameter-names-2.15.3.jar:/Users/laurocorreia/.m2/repository/org/springframework/boot/spring-boot-starter-tomcat/3.1.5/spring-boot-starter-tomcat-3.1.5.jar:/Users/laurocorreia/.m2/repository/org/apache/tomcat/embed/tomcat-embed-core/10.1.15/tomcat-embed-core-10.1.15.jar:/Users/laurocorreia/.m2/repository/org/apache/tomcat/embed/tomcat-embed-websocket/10.1.15/tomcat-embed-websocket-10.1.15.jar:/Users/laurocorreia/.m2/repository/org/springframework/spring-web/6.0.13/spring-web-6.0.13.jar:/Users/laurocorreia/.m2/repository/org/springframework/spring-beans/6.0.13/spring-beans-6.0.13.jar:/Users/laurocorreia/.m2/repository/io/micrometer/micrometer-observation/1.11.5/micrometer-observation-1.11.5.jar:/Users/laurocorreia/.m2/repository/io/micrometer/micrometer-commons/1.11.5/micrometer-commons-1.11.5.jar:/Users/laurocorreia/.m2/repository/org/springframework/spring-webmvc/6.0.13/spring-webmvc-6.0.13.jar:/Users/laurocorreia/.m2/repository/org/springframework/spring-expression/6.0.13/spring-expression-6.0.13.jar:/Users/laurocorreia/.m2/repository/org/springframework/boot/spring-boot-starter-validation/3.1.5/spring-boot-starter-validation-3.1.5.jar:/Users/laurocorreia/.m2/repository/org/apache/tomcat/embed/tomcat-embed-el/10.1.15/tomcat-embed-el-10.1.15.jar:/Users/laurocorreia/.m2/repository/org/hibernate/validator/hibernate-validator/8.0.1.Final/hibernate-validator-8.0.1.Final.jar:/Users/laurocorreia/.m2/repository/jakarta/validation/jakarta.validation-api/3.0.2/jakarta.validation-api-3.0.2.jar:/Users/laurocorreia/.m2/repository/org/jboss/logging/jboss-logging/3.5.3.Final/jboss-logging-3.5.3.Final.jar:/Users/laurocorreia/.m2/repository/com/fasterxml/classmate/1.5.1/classmate-1.5.1.jar:/Users/laurocorreia/.m2/repository/org/springframework/boot/spring-boot-starter-security/3.1.5/spring-boot-starter-security-3.1.5.jar:/Users/laurocorreia/.m2/repository/org/springframework/spring-aop/6.0.13/spring-aop-6.0.13.jar:/Users/laurocorreia/.m2/repository/org/springframework/security/spring-security-config/6.1.5/spring-security-config-6.1.5.jar:/Users/laurocorreia/.m2/repository/org/springframework/security/spring-security-web/6.1.5/spring-security-web-6.1.5.jar:/Users/laurocorreia/.m2/repository/org/springframework/boot/spring-boot-starter-data-mongodb/3.1.5/spring-boot-starter-data-mongodb-3.1.5.jar:/Users/laurocorreia/.m2/repository/org/mongodb/mongodb-driver-sync/4.9.1/mongodb-driver-sync-4.9.1.jar:/Users/laurocorreia/.m2/repository/org/mongodb/bson/4.9.1/bson-4.9.1.jar:/Users/laurocorreia/.m2/repository/org/mongodb/mongodb-driver-core/4.9.1/mongodb-driver-core-4.9.1.jar:/Users/laurocorreia/.m2/repository/org/mongodb/bson-record-codec/4.9.1/bson-record-codec-4.9.1.jar:/Users/laurocorreia/.m2/repository/org/springframework/data/spring-data-mongodb/4.1.5/spring-data-mongodb-4.1.5.jar:/Users/laurocorreia/.m2/repository/org/springframework/spring-tx/6.0.13/spring-tx-6.0.13.jar:/Users/laurocorreia/.m2/repository/org/springframework/data/spring-data-commons/3.1.5/spring-data-commons-3.1.5.jar:/Users/laurocorreia/.m2/repository/org/slf4j/slf4j-api/2.0.9/slf4j-api-2.0.9.jar:/Users/laurocorreia/.m2/repository/org/springdoc/springdoc-openapi-starter-webmvc-ui/2.2.0/springdoc-openapi-starter-webmvc-ui-2.2.0.jar:/Users/laurocorreia/.m2/repository/org/springdoc/springdoc-openapi-starter-webmvc-api/2.2.0/springdoc-openapi-starter-webmvc-api-2.2.0.jar:/Users/laurocorreia/.m2/repository/org/springdoc/springdoc-openapi-starter-common/2.2.0/springdoc-openapi-starter-common-2.2.0.jar:/Users/laurocorreia/.m2/repository/io/swagger/core/v3/swagger-core-jakarta/2.2.15/swagger-core-jakarta-2.2.15.jar:/Users/laurocorreia/.m2/repository/org/apache/commons/commons-lang3/3.12.0/commons-lang3-3.12.0.jar:/Users/laurocorreia/.m2/repository/io/swagger/core/v3/swagger-annotations-jakarta/2.2.15/swagger-annotations-jakarta-2.2.15.jar:/Users/laurocorreia/.m2/repository/io/swagger/core/v3/swagger-models-jakarta/2.2.15/swagger-models-jakarta-2.2.15.jar:/Users/laurocorreia/.m2/repository/com/fasterxml/jackson/dataformat/jackson-dataformat-yaml/2.15.3/jackson-dataformat-yaml-2.15.3.jar:/Users/laurocorreia/.m2/repository/org/webjars/swagger-ui/5.2.0/swagger-ui-5.2.0.jar:/Users/laurocorreia/.m2/repository/org/projectlombok/lombok/1.18.30/lombok-1.18.30.jar:/Users/laurocorreia/.m2/repository/org/mapstruct/mapstruct/1.5.5.Final/mapstruct-1.5.5.Final.jar:/Users/laurocorreia/.m2/repository/com/auth0/java-jwt/4.4.0/java-jwt-4.4.0.jar:/Users/laurocorreia/.m2/repository/com/fasterxml/jackson/core/jackson-databind/2.15.3/jackson-databind-2.15.3.jar:/Users/laurocorreia/.m2/repository/com/fasterxml/jackson/core/jackson-annotations/2.15.3/jackson-annotations-2.15.3.jar:/Users/laurocorreia/.m2/repository/com/fasterxml/jackson/core/jackson-core/2.15.3/jackson-core-2.15.3.jar:/Users/laurocorreia/.m2/repository/org/springframework/boot/spring-boot-starter-test/3.1.5/spring-boot-starter-test-3.1.5.jar:/Users/laurocorreia/.m2/repository/org/springframework/boot/spring-boot-test/3.1.5/spring-boot-test-3.1.5.jar:/Users/laurocorreia/.m2/repository/org/springframework/boot/spring-boot-test-autoconfigure/3.1.5/spring-boot-test-autoconfigure-3.1.5.jar:/Users/laurocorreia/.m2/repository/com/jayway/jsonpath/json-path/2.8.0/json-path-2.8.0.jar:/Users/laurocorreia/.m2/repository/jakarta/xml/bind/jakarta.xml.bind-api/4.0.1/jakarta.xml.bind-api-4.0.1.jar:/Users/laurocorreia/.m2/repository/jakarta/activation/jakarta.activation-api/2.1.2/jakarta.activation-api-2.1.2.jar:/Users/laurocorreia/.m2/repository/net/minidev/json-smart/2.4.11/json-smart-2.4.11.jar:/Users/laurocorreia/.m2/repository/net/minidev/accessors-smart/2.4.11/accessors-smart-2.4.11.jar:/Users/laurocorreia/.m2/repository/org/ow2/asm/asm/9.3/asm-9.3.jar:/Users/laurocorreia/.m2/repository/org/assertj/assertj-core/3.24.2/assertj-core-3.24.2.jar:/Users/laurocorreia/.m2/repository/net/bytebuddy/byte-buddy/1.14.9/byte-buddy-1.14.9.jar:/Users/laurocorreia/.m2/repository/org/hamcrest/hamcrest/2.2/hamcrest-2.2.jar:/Users/laurocorreia/.m2/repository/org/junit/jupiter/junit-jupiter/5.9.3/junit-jupiter-5.9.3.jar:/Users/laurocorreia/.m2/repository/org/junit/jupiter/junit-jupiter-api/5.9.3/junit-jupiter-api-5.9.3.jar:/Users/laurocorreia/.m2/repository/org/opentest4j/opentest4j/1.2.0/opentest4j-1.2.0.jar:/Users/laurocorreia/.m2/repository/org/junit/platform/junit-platform-commons/1.9.3/junit-platform-commons-1.9.3.jar:/Users/laurocorreia/.m2/repository/org/apiguardian/apiguardian-api/1.1.2/apiguardian-api-1.1.2.jar:/Users/laurocorreia/.m2/repository/org/junit/jupiter/junit-jupiter-params/5.9.3/junit-jupiter-params-5.9.3.jar:/Users/laurocorreia/.m2/repository/org/junit/jupiter/junit-jupiter-engine/5.9.3/junit-jupiter-engine-5.9.3.jar:/Users/laurocorreia/.m2/repository/org/junit/platform/junit-platform-engine/1.9.3/junit-platform-engine-1.9.3.jar:/Users/laurocorreia/.m2/repository/org/mockito/mockito-core/5.3.1/mockito-core-5.3.1.jar:/Users/laurocorreia/.m2/repository/net/bytebuddy/byte-buddy-agent/1.14.9/byte-buddy-agent-1.14.9.jar:/Users/laurocorreia/.m2/repository/org/objenesis/objenesis/3.3/objenesis-3.3.jar:/Users/laurocorreia/.m2/repository/org/mockito/mockito-junit-jupiter/5.3.1/mockito-junit-jupiter-5.3.1.jar:/Users/laurocorreia/.m2/repository/org/skyscreamer/jsonassert/1.5.1/jsonassert-1.5.1.jar:/Users/laurocorreia/.m2/repository/com/vaadin/external/google/android-json/0.0.20131108.vaadin1/android-json-0.0.20131108.vaadin1.jar:/Users/laurocorreia/.m2/repository/org/springframework/spring-core/6.0.13/spring-core-6.0.13.jar:/Users/laurocorreia/.m2/repository/org/springframework/spring-jcl/6.0.13/spring-jcl-6.0.13.jar:/Users/laurocorreia/.m2/repository/org/springframework/spring-test/6.0.13/spring-test-6.0.13.jar:/Users/laurocorreia/.m2/repository/org/xmlunit/xmlunit-core/2.9.1/xmlunit-core-2.9.1.jar:/Users/laurocorreia/.m2/repository/org/springframework/security/spring-security-test/6.1.5/spring-security-test-6.1.5.jar:/Users/laurocorreia/.m2/repository/org/springframework/security/spring-security-core/6.1.5/spring-security-core-6.1.5.jar:/Users/laurocorreia/.m2/repository/org/springframework/security/spring-security-crypto/6.1.5/spring-security-crypto-6.1.5.jar:"/>
    <property name="java.vm.vendor" value="Homebrew"/>
    <property name="sun.arch.data.model" value="64"/>
    <property name="java.vendor.url" value="https://github.com/Homebrew/homebrew-core/issues"/>
    <property name="user.timezone" value="Europe/Madrid"/>
    <property name="org.jboss.logging.provider" value="slf4j"/>
    <property name="os.name" value="Mac OS X"/>
    <property name="java.vm.specification.version" value="17"/>
    <property name="sun.java.launcher" value="SUN_STANDARD"/>
    <property name="user.country" value="ES"/>
    <property name="sun.boot.library.path" value="/usr/local/Cellar/openjdk@17/17.0.8/libexec/openjdk.jdk/Contents/Home/lib"/>
    <property name="sun.java.command" value="/Users/laurocorreia/Documents/GitHub/alura-flix-api/target/surefire/surefirebooter-20231026105536021_3.jar /Users/laurocorreia/Documents/GitHub/alura-flix-api/target/surefire 2023-10-26T10-55-35_907-jvmRun1 surefire-20231026105536021_1tmp surefire_0-20231026105536021_2tmp"/>
    <property name="http.nonProxyHosts" value="local|*.local|169.254/16|*.169.254/16"/>
    <property name="jdk.debug" value="release"/>
    <property name="surefire.test.class.path" value="/Users/laurocorreia/Documents/GitHub/alura-flix-api/target/test-classes:/Users/laurocorreia/Documents/GitHub/alura-flix-api/target/classes:/Users/laurocorreia/.m2/repository/org/springframework/boot/spring-boot-devtools/3.1.5/spring-boot-devtools-3.1.5.jar:/Users/laurocorreia/.m2/repository/org/springframework/boot/spring-boot/3.1.5/spring-boot-3.1.5.jar:/Users/laurocorreia/.m2/repository/org/springframework/spring-context/6.0.13/spring-context-6.0.13.jar:/Users/laurocorreia/.m2/repository/org/springframework/boot/spring-boot-autoconfigure/3.1.5/spring-boot-autoconfigure-3.1.5.jar:/Users/laurocorreia/.m2/repository/org/springframework/boot/spring-boot-starter-web/3.1.5/spring-boot-starter-web-3.1.5.jar:/Users/laurocorreia/.m2/repository/org/springframework/boot/spring-boot-starter/3.1.5/spring-boot-starter-3.1.5.jar:/Users/laurocorreia/.m2/repository/org/springframework/boot/spring-boot-starter-logging/3.1.5/spring-boot-starter-logging-3.1.5.jar:/Users/laurocorreia/.m2/repository/ch/qos/logback/logback-classic/1.4.11/logback-classic-1.4.11.jar:/Users/laurocorreia/.m2/repository/ch/qos/logback/logback-core/1.4.11/logback-core-1.4.11.jar:/Users/laurocorreia/.m2/repository/org/apache/logging/log4j/log4j-to-slf4j/2.20.0/log4j-to-slf4j-2.20.0.jar:/Users/laurocorreia/.m2/repository/org/apache/logging/log4j/log4j-api/2.20.0/log4j-api-2.20.0.jar:/Users/laurocorreia/.m2/repository/org/slf4j/jul-to-slf4j/2.0.9/jul-to-slf4j-2.0.9.jar:/Users/laurocorreia/.m2/repository/jakarta/annotation/jakarta.annotation-api/2.1.1/jakarta.annotation-api-2.1.1.jar:/Users/laurocorreia/.m2/repository/org/yaml/snakeyaml/1.33/snakeyaml-1.33.jar:/Users/laurocorreia/.m2/repository/org/springframework/boot/spring-boot-starter-json/3.1.5/spring-boot-starter-json-3.1.5.jar:/Users/laurocorreia/.m2/repository/com/fasterxml/jackson/datatype/jackson-datatype-jdk8/2.15.3/jackson-datatype-jdk8-2.15.3.jar:/Users/laurocorreia/.m2/repository/com/fasterxml/jackson/datatype/jackson-datatype-jsr310/2.15.3/jackson-datatype-jsr310-2.15.3.jar:/Users/laurocorreia/.m2/repository/com/fasterxml/jackson/module/jackson-module-parameter-names/2.15.3/jackson-module-parameter-names-2.15.3.jar:/Users/laurocorreia/.m2/repository/org/springframework/boot/spring-boot-starter-tomcat/3.1.5/spring-boot-starter-tomcat-3.1.5.jar:/Users/laurocorreia/.m2/repository/org/apache/tomcat/embed/tomcat-embed-core/10.1.15/tomcat-embed-core-10.1.15.jar:/Users/laurocorreia/.m2/repository/org/apache/tomcat/embed/tomcat-embed-websocket/10.1.15/tomcat-embed-websocket-10.1.15.jar:/Users/laurocorreia/.m2/repository/org/springframework/spring-web/6.0.13/spring-web-6.0.13.jar:/Users/laurocorreia/.m2/repository/org/springframework/spring-beans/6.0.13/spring-beans-6.0.13.jar:/Users/laurocorreia/.m2/repository/io/micrometer/micrometer-observation/1.11.5/micrometer-observation-1.11.5.jar:/Users/laurocorreia/.m2/repository/io/micrometer/micrometer-commons/1.11.5/micrometer-commons-1.11.5.jar:/Users/laurocorreia/.m2/repository/org/springframework/spring-webmvc/6.0.13/spring-webmvc-6.0.13.jar:/Users/laurocorreia/.m2/repository/org/springframework/spring-expression/6.0.13/spring-expression-6.0.13.jar:/Users/laurocorreia/.m2/repository/org/springframework/boot/spring-boot-starter-validation/3.1.5/spring-boot-starter-validation-3.1.5.jar:/Users/laurocorreia/.m2/repository/org/apache/tomcat/embed/tomcat-embed-el/10.1.15/tomcat-embed-el-10.1.15.jar:/Users/laurocorreia/.m2/repository/org/hibernate/validator/hibernate-validator/8.0.1.Final/hibernate-validator-8.0.1.Final.jar:/Users/laurocorreia/.m2/repository/jakarta/validation/jakarta.validation-api/3.0.2/jakarta.validation-api-3.0.2.jar:/Users/laurocorreia/.m2/repository/org/jboss/logging/jboss-logging/3.5.3.Final/jboss-logging-3.5.3.Final.jar:/Users/laurocorreia/.m2/repository/com/fasterxml/classmate/1.5.1/classmate-1.5.1.jar:/Users/laurocorreia/.m2/repository/org/springframework/boot/spring-boot-starter-security/3.1.5/spring-boot-starter-security-3.1.5.jar:/Users/laurocorreia/.m2/repository/org/springframework/spring-aop/6.0.13/spring-aop-6.0.13.jar:/Users/laurocorreia/.m2/repository/org/springframework/security/spring-security-config/6.1.5/spring-security-config-6.1.5.jar:/Users/laurocorreia/.m2/repository/org/springframework/security/spring-security-web/6.1.5/spring-security-web-6.1.5.jar:/Users/laurocorreia/.m2/repository/org/springframework/boot/spring-boot-starter-data-mongodb/3.1.5/spring-boot-starter-data-mongodb-3.1.5.jar:/Users/laurocorreia/.m2/repository/org/mongodb/mongodb-driver-sync/4.9.1/mongodb-driver-sync-4.9.1.jar:/Users/laurocorreia/.m2/repository/org/mongodb/bson/4.9.1/bson-4.9.1.jar:/Users/laurocorreia/.m2/repository/org/mongodb/mongodb-driver-core/4.9.1/mongodb-driver-core-4.9.1.jar:/Users/laurocorreia/.m2/repository/org/mongodb/bson-record-codec/4.9.1/bson-record-codec-4.9.1.jar:/Users/laurocorreia/.m2/repository/org/springframework/data/spring-data-mongodb/4.1.5/spring-data-mongodb-4.1.5.jar:/Users/laurocorreia/.m2/repository/org/springframework/spring-tx/6.0.13/spring-tx-6.0.13.jar:/Users/laurocorreia/.m2/repository/org/springframework/data/spring-data-commons/3.1.5/spring-data-commons-3.1.5.jar:/Users/laurocorreia/.m2/repository/org/slf4j/slf4j-api/2.0.9/slf4j-api-2.0.9.jar:/Users/laurocorreia/.m2/repository/org/springdoc/springdoc-openapi-starter-webmvc-ui/2.2.0/springdoc-openapi-starter-webmvc-ui-2.2.0.jar:/Users/laurocorreia/.m2/repository/org/springdoc/springdoc-openapi-starter-webmvc-api/2.2.0/springdoc-openapi-starter-webmvc-api-2.2.0.jar:/Users/laurocorreia/.m2/repository/org/springdoc/springdoc-openapi-starter-common/2.2.0/springdoc-openapi-starter-common-2.2.0.jar:/Users/laurocorreia/.m2/repository/io/swagger/core/v3/swagger-core-jakarta/2.2.15/swagger-core-jakarta-2.2.15.jar:/Users/laurocorreia/.m2/repository/org/apache/commons/commons-lang3/3.12.0/commons-lang3-3.12.0.jar:/Users/laurocorreia/.m2/repository/io/swagger/core/v3/swagger-annotations-jakarta/2.2.15/swagger-annotations-jakarta-2.2.15.jar:/Users/laurocorreia/.m2/repository/io/swagger/core/v3/swagger-models-jakarta/2.2.15/swagger-models-jakarta-2.2.15.jar:/Users/laurocorreia/.m2/repository/com/fasterxml/jackson/dataformat/jackson-dataformat-yaml/2.15.3/jackson-dataformat-yaml-2.15.3.jar:/Users/laurocorreia/.m2/repository/org/webjars/swagger-ui/5.2.0/swagger-ui-5.2.0.jar:/Users/laurocorreia/.m2/repository/org/projectlombok/lombok/1.18.30/lombok-1.18.30.jar:/Users/laurocorreia/.m2/repository/org/mapstruct/mapstruct/1.5.5.Final/mapstruct-1.5.5.Final.jar:/Users/laurocorreia/.m2/repository/com/auth0/java-jwt/4.4.0/java-jwt-4.4.0.jar:/Users/laurocorreia/.m2/repository/com/fasterxml/jackson/core/jackson-databind/2.15.3/jackson-databind-2.15.3.jar:/Users/laurocorreia/.m2/repository/com/fasterxml/jackson/core/jackson-annotations/2.15.3/jackson-annotations-2.15.3.jar:/Users/laurocorreia/.m2/repository/com/fasterxml/jackson/core/jackson-core/2.15.3/jackson-core-2.15.3.jar:/Users/laurocorreia/.m2/repository/org/springframework/boot/spring-boot-starter-test/3.1.5/spring-boot-starter-test-3.1.5.jar:/Users/laurocorreia/.m2/repository/org/springframework/boot/spring-boot-test/3.1.5/spring-boot-test-3.1.5.jar:/Users/laurocorreia/.m2/repository/org/springframework/boot/spring-boot-test-autoconfigure/3.1.5/spring-boot-test-autoconfigure-3.1.5.jar:/Users/laurocorreia/.m2/repository/com/jayway/jsonpath/json-path/2.8.0/json-path-2.8.0.jar:/Users/laurocorreia/.m2/repository/jakarta/xml/bind/jakarta.xml.bind-api/4.0.1/jakarta.xml.bind-api-4.0.1.jar:/Users/laurocorreia/.m2/repository/jakarta/activation/jakarta.activation-api/2.1.2/jakarta.activation-api-2.1.2.jar:/Users/laurocorreia/.m2/repository/net/minidev/json-smart/2.4.11/json-smart-2.4.11.jar:/Users/laurocorreia/.m2/repository/net/minidev/accessors-smart/2.4.11/accessors-smart-2.4.11.jar:/Users/laurocorreia/.m2/repository/org/ow2/asm/asm/9.3/asm-9.3.jar:/Users/laurocorreia/.m2/repository/org/assertj/assertj-core/3.24.2/assertj-core-3.24.2.jar:/Users/laurocorreia/.m2/repository/net/bytebuddy/byte-buddy/1.14.9/byte-buddy-1.14.9.jar:/Users/laurocorreia/.m2/repository/org/hamcrest/hamcrest/2.2/hamcrest-2.2.jar:/Users/laurocorreia/.m2/repository/org/junit/jupiter/junit-jupiter/5.9.3/junit-jupiter-5.9.3.jar:/Users/laurocorreia/.m2/repository/org/junit/jupiter/junit-jupiter-api/5.9.3/junit-jupiter-api-5.9.3.jar:/Users/laurocorreia/.m2/repository/org/opentest4j/opentest4j/1.2.0/opentest4j-1.2.0.jar:/Users/laurocorreia/.m2/repository/org/junit/platform/junit-platform-commons/1.9.3/junit-platform-commons-1.9.3.jar:/Users/laurocorreia/.m2/repository/org/apiguardian/apiguardian-api/1.1.2/apiguardian-api-1.1.2.jar:/Users/laurocorreia/.m2/repository/org/junit/jupiter/junit-jupiter-params/5.9.3/junit-jupiter-params-5.9.3.jar:/Users/laurocorreia/.m2/repository/org/junit/jupiter/junit-jupiter-engine/5.9.3/junit-jupiter-engine-5.9.3.jar:/Users/laurocorreia/.m2/repository/org/junit/platform/junit-platform-engine/1.9.3/junit-platform-engine-1.9.3.jar:/Users/laurocorreia/.m2/repository/org/mockito/mockito-core/5.3.1/mockito-core-5.3.1.jar:/Users/laurocorreia/.m2/repository/net/bytebuddy/byte-buddy-agent/1.14.9/byte-buddy-agent-1.14.9.jar:/Users/laurocorreia/.m2/repository/org/objenesis/objenesis/3.3/objenesis-3.3.jar:/Users/laurocorreia/.m2/repository/org/mockito/mockito-junit-jupiter/5.3.1/mockito-junit-jupiter-5.3.1.jar:/Users/laurocorreia/.m2/repository/org/skyscreamer/jsonassert/1.5.1/jsonassert-1.5.1.jar:/Users/laurocorreia/.m2/repository/com/vaadin/external/google/android-json/0.0.20131108.vaadin1/android-json-0.0.20131108.vaadin1.jar:/Users/laurocorreia/.m2/repository/org/springframework/spring-core/6.0.13/spring-core-6.0.13.jar:/Users/laurocorreia/.m2/repository/org/springframework/spring-jcl/6.0.13/spring-jcl-6.0.13.jar:/Users/laurocorreia/.m2/repository/org/springframework/spring-test/6.0.13/spring-test-6.0.13.jar:/Users/laurocorreia/.m2/repository/org/xmlunit/xmlunit-core/2.9.1/xmlunit-core-2.9.1.jar:/Users/laurocorreia/.m2/repository/org/springframework/security/spring-security-test/6.1.5/spring-security-test-6.1.5.jar:/Users/laurocorreia/.m2/repository/org/springframework/security/spring-security-core/6.1.5/spring-security-core-6.1.5.jar:/Users/laurocorreia/.m2/repository/org/springframework/security/spring-security-crypto/6.1.5/spring-security-crypto-6.1.5.jar:"/>
    <property name="sun.cpu.endian" value="little"/>
    <property name="user.home" value="/Users/laurocorreia"/>
    <property name="user.language" value="es"/>
    <property name="java.specification.vendor" value="Oracle Corporation"/>
    <property name="java.version.date" value="2023-07-18"/>
    <property name="java.home" value="/usr/local/Cellar/openjdk@17/17.0.8/libexec/openjdk.jdk/Contents/Home"/>
    <property name="file.separator" value="/"/>
    <property name="basedir" value="/Users/laurocorreia/Documents/GitHub/alura-flix-api"/>
    <property name="java.vm.compressedOopsMode" value="Zero based"/>
    <property name="line.separator" value="&#10;"/>
    <property name="java.vm.specification.vendor" value="Oracle Corporation"/>
    <property name="java.specification.name" value="Java Platform API Specification"/>
    <property name="FILE_LOG_CHARSET" value="UTF-8"/>
    <property name="java.awt.headless" value="true"/>
    <property name="surefire.real.class.path" value="/Users/laurocorreia/Documents/GitHub/alura-flix-api/target/surefire/surefirebooter-20231026105536021_3.jar"/>
    <property name="sun.management.compiler" value="HotSpot 64-Bit Tiered Compilers"/>
    <property name="ftp.nonProxyHosts" value="local|*.local|169.254/16|*.169.254/16"/>
    <property name="java.runtime.version" value="17.0.8+0"/>
    <property name="user.name" value="laurocorreia"/>
    <property name="path.separator" value=":"/>
    <property name="os.version" value="13.6"/>
    <property name="java.runtime.name" value="OpenJDK Runtime Environment"/>
    <property name="file.encoding" value="UTF-8"/>
    <property name="java.vm.name" value="OpenJDK 64-Bit Server VM"/>
    <property name="java.vendor.version" value="Homebrew"/>
    <property name="localRepository" value="/Users/laurocorreia/.m2/repository"/>
    <property name="java.vendor.url.bug" value="https://github.com/Homebrew/homebrew-core/issues"/>
    <property name="java.io.tmpdir" value="/var/folders/65/yd73hltj4_lc72d20ppndnsm0000gn/T/"/>
    <property name="java.version" value="17.0.8"/>
    <property name="user.dir" value="/Users/laurocorreia/Documents/GitHub/alura-flix-api"/>
    <property name="os.arch" value="x86_64"/>
    <property name="java.vm.specification.name" value="Java Virtual Machine Specification"/>
    <property name="PID" value="33900"/>
    <property name="CONSOLE_LOG_CHARSET" value="UTF-8"/>
    <property name="native.encoding" value="UTF-8"/>
    <property name="java.library.path" value="/Users/laurocorreia/Library/Java/Extensions:/Library/Java/Extensions:/Network/Library/Java/Extensions:/System/Library/Java/Extensions:/usr/lib/java:."/>
    <property name="java.vm.info" value="mixed mode, sharing"/>
    <property name="java.vendor" value="Homebrew"/>
    <property name="java.vm.version" value="17.0.8+0"/>
    <property name="sun.io.unicode.encoding" value="UnicodeBig"/>
    <property name="socksNonProxyHosts" value="local|*.local|169.254/16|*.169.254/16"/>
    <property name="java.class.version" value="61.0"/>
  </properties>
  <testcase name="get_video_by_id" classname="com.alura.aluraflixapi.controller.VideoControllerTest" time="0.839">
    <system-out><![CDATA[2023-10-26T10:55:46.718+02:00  INFO 33900 --- [           main] t.c.s.AnnotationConfigContextLoaderUtils : Could not detect default configuration classes for test class [com.alura.aluraflixapi.controller.VideoControllerTest]: VideoControllerTest does not declare any static, non-private, non-final, nested classes annotated with @Configuration.
2023-10-26T10:55:46.816+02:00  INFO 33900 --- [           main] .b.t.c.SpringBootTestContextBootstrapper : Found @SpringBootConfiguration com.alura.aluraflixapi.AluraFlixApiApplication for test class com.alura.aluraflixapi.controller.VideoControllerTest
2023-10-26T10:55:46.859+02:00  INFO 33900 --- [           main] o.s.b.d.r.RestartApplicationListener     : Restart disabled due to context in which it is running

  .   ____          _            __ _ _
 /\\ / ___'_ __ _ _(_)_ __  __ _ \ \ \ \
( ( )\___ | '_ | '_| | '_ \/ _` | \ \ \ \
 \\/  ___)| |_)| | | | | || (_| |  ) ) ) )
  '  |____| .__|_| |_|_| |_\__, | / / / /
 =========|_|==============|___/=/_/_/_/
 :: Spring Boot ::                (v3.1.5)

2023-10-26T10:55:46.968+02:00  INFO 33900 --- [           main] c.a.a.controller.VideoControllerTest     : Starting VideoControllerTest using Java 17.0.8 with PID 33900 (started by laurocorreia in /Users/laurocorreia/Documents/GitHub/alura-flix-api)
2023-10-26T10:55:46.969+02:00  INFO 33900 --- [           main] c.a.a.controller.VideoControllerTest     : No active profile set, falling back to 1 default profile: "default"
2023-10-26T10:55:50.411+02:00  WARN 33900 --- [           main] .s.s.UserDetailsServiceAutoConfiguration : 

Using generated security password: 694e816e-09e0-47b5-ba14-dc6040d6006c

This generated password is for development use only. Your security configuration must be updated before running your application in production.

2023-10-26T10:55:50.986+02:00  INFO 33900 --- [           main] o.s.s.web.DefaultSecurityFilterChain     : Will secure any request with [org.springframework.security.web.session.DisableEncodeUrlFilter@2775dd2e, org.springframework.security.web.context.request.async.WebAsyncManagerIntegrationFilter@627beb93, org.springframework.security.web.context.SecurityContextHolderFilter@57db81e2, org.springframework.security.web.header.HeaderWriterFilter@79ba32b3, org.springframework.security.web.csrf.CsrfFilter@7b01900f, org.springframework.security.web.authentication.logout.LogoutFilter@7fc998ef, org.springframework.security.web.authentication.UsernamePasswordAuthenticationFilter@8aedeb4, org.springframework.security.web.authentication.ui.DefaultLoginPageGeneratingFilter@7128d0c7, org.springframework.security.web.authentication.ui.DefaultLogoutPageGeneratingFilter@3aa768c0, org.springframework.security.web.authentication.www.BasicAuthenticationFilter@3d1cb317, org.springframework.security.web.savedrequest.RequestCacheAwareFilter@631a1820, org.springframework.security.web.servletapi.SecurityContextHolderAwareRequestFilter@777a67a0, org.springframework.security.web.authentication.AnonymousAuthenticationFilter@ee6533, org.springframework.security.web.access.ExceptionTranslationFilter@273ea660, org.springframework.security.web.access.intercept.AuthorizationFilter@1607278e]
2023-10-26T10:55:51.162+02:00  INFO 33900 --- [           main] o.s.b.t.m.w.SpringBootMockServletContext : Initializing Spring TestDispatcherServlet ''
2023-10-26T10:55:51.162+02:00  INFO 33900 --- [           main] o.s.t.web.servlet.TestDispatcherServlet  : Initializing Servlet ''
2023-10-26T10:55:51.164+02:00  INFO 33900 --- [           main] o.s.t.web.servlet.TestDispatcherServlet  : Completed initialization in 2 ms
2023-10-26T10:55:51.216+02:00  INFO 33900 --- [           main] c.a.a.controller.VideoControllerTest     : Started VideoControllerTest in 4.357 seconds (process running for 15.097)
2023-10-26T10:55:51.369+02:00  INFO 33900 --- [           main] c.a.a.i.security.SecurityFilter          : [SecurityFilter] request received intercepeted by Internal Filter
2023-10-26T10:55:51.535+02:00  INFO 33900 --- [           main] c.a.a.controller.VideoController         : [VideoController] Request to get a video by ID: 1

MockHttpServletRequest:
      HTTP Method = GET
      Request URI = /videos/1
       Parameters = {}
          Headers = [Content-Type:"application/json;charset=UTF-8"]
             Body = null
    Session Attrs = {SPRING_SECURITY_CONTEXT=SecurityContextImpl [Authentication=UsernamePasswordAuthenticationToken [Principal=org.springframework.security.core.userdetails.User [Username=admin, Password=[PROTECTED], Enabled=true, AccountNonExpired=true, credentialsNonExpired=true, AccountNonLocked=true, Granted Authorities=[ROLE_ADMIN]], Credentials=[PROTECTED], Authenticated=true, Details=null, Granted Authorities=[ROLE_ADMIN]]]}

Handler:
             Type = com.alura.aluraflixapi.controller.VideoController
           Method = com.alura.aluraflixapi.controller.VideoController#getById(String)

Async:
    Async started = false
     Async result = null

Resolved Exception:
             Type = null

ModelAndView:
        View name = null
             View = null
            Model = null

FlashMap:
       Attributes = null

MockHttpServletResponse:
           Status = 200
    Error message = null
          Headers = [Content-Type:"application/json", X-Content-Type-Options:"nosniff", X-XSS-Protection:"0", Cache-Control:"no-cache, no-store, max-age=0, must-revalidate", Pragma:"no-cache", Expires:"0", X-Frame-Options:"DENY"]
     Content type = application/json
             Body = {"id":"da8d2824-af95-4ecf-9641-613c33cfc008","title":"Lord of the rings - fellowship of the ring","description":"Lord of the rings - fellowship of the ring","url":"http://www.lordoftherings.com","category":{"id":"dee20c79-f4a0-470a-9d89-9bb3ef9c78ce","rating":"FREE","title":"Fantasy","colorHex":"#FFD700"}}
    Forwarded URL = null
   Redirected URL = null
          Cookies = []
]]></system-out>
  </testcase>
  <testcase name="delete_video_by_id_test" classname="com.alura.aluraflixapi.controller.VideoControllerTest" time="0.022">
    <system-out><![CDATA[2023-10-26T10:55:52.080+02:00  INFO 33900 --- [           main] c.a.a.i.security.SecurityFilter          : [SecurityFilter] request received intercepeted by Internal Filter
2023-10-26T10:55:52.081+02:00  INFO 33900 --- [           main] c.a.a.controller.VideoController         : [VideoController] Request to Delete a video by ID: 1

MockHttpServletRequest:
      HTTP Method = DELETE
      Request URI = /videos/1
       Parameters = {}
          Headers = [X-CSRF-TOKEN:"Oq7oH-iXErdxwDnBhbNwzW_JZu2m8JIe0DFjKMc_I4eCmd1cWJzQe9jxI4dcpl_xsZ5Erg74S9SRyKIz4AFQEKIHR7e3r-5u"]
             Body = null
    Session Attrs = {SPRING_SECURITY_CONTEXT=SecurityContextImpl [Authentication=UsernamePasswordAuthenticationToken [Principal=org.springframework.security.core.userdetails.User [Username=admin, Password=[PROTECTED], Enabled=true, AccountNonExpired=true, credentialsNonExpired=true, AccountNonLocked=true, Granted Authorities=[ROLE_ADMIN]], Credentials=[PROTECTED], Authenticated=true, Details=null, Granted Authorities=[ROLE_ADMIN]]]}

Handler:
             Type = com.alura.aluraflixapi.controller.VideoController
           Method = com.alura.aluraflixapi.controller.VideoController#delete(String)

Async:
    Async started = false
     Async result = null

Resolved Exception:
             Type = null

ModelAndView:
        View name = null
             View = null
            Model = null

FlashMap:
       Attributes = null

MockHttpServletResponse:
           Status = 204
    Error message = null
          Headers = [X-Content-Type-Options:"nosniff", X-XSS-Protection:"0", Cache-Control:"no-cache, no-store, max-age=0, must-revalidate", Pragma:"no-cache", Expires:"0", X-Frame-Options:"DENY"]
     Content type = null
             Body = 
    Forwarded URL = null
   Redirected URL = null
          Cookies = []
]]></system-out>
  </testcase>
  <testcase name="get_all_videos_test" classname="com.alura.aluraflixapi.controller.VideoControllerTest" time="0.104">
    <system-out><![CDATA[2023-10-26T10:55:52.103+02:00  INFO 33900 --- [           main] c.a.a.i.security.SecurityFilter          : [SecurityFilter] request received intercepeted by Internal Filter
2023-10-26T10:55:52.114+02:00  INFO 33900 --- [           main] c.a.a.controller.VideoController         : [VideoController] Request to get All videos
2023-10-26T10:55:52.115+02:00  INFO 33900 --- [           main] c.a.a.controller.VideoController         : [VideoController] Response Page 1 of 1 containing com.alura.aluraflixapi.domain.video.dto.VideoDto instances: 

MockHttpServletRequest:
      HTTP Method = GET
      Request URI = /videos
       Parameters = {}
          Headers = [Content-Type:"application/json;charset=UTF-8"]
             Body = null
    Session Attrs = {SPRING_SECURITY_CONTEXT=SecurityContextImpl [Authentication=UsernamePasswordAuthenticationToken [Principal=org.springframework.security.core.userdetails.User [Username=admin, Password=[PROTECTED], Enabled=true, AccountNonExpired=true, credentialsNonExpired=true, AccountNonLocked=true, Granted Authorities=[ROLE_ADMIN]], Credentials=[PROTECTED], Authenticated=true, Details=null, Granted Authorities=[ROLE_ADMIN]]]}

Handler:
             Type = com.alura.aluraflixapi.controller.VideoController
           Method = com.alura.aluraflixapi.controller.VideoController#getVideos(Pageable)

Async:
    Async started = false
     Async result = null

Resolved Exception:
             Type = null

ModelAndView:
        View name = null
             View = null
            Model = null

FlashMap:
       Attributes = null

MockHttpServletResponse:
           Status = 200
    Error message = null
          Headers = [Content-Type:"application/json", X-Content-Type-Options:"nosniff", X-XSS-Protection:"0", Cache-Control:"no-cache, no-store, max-age=0, must-revalidate", Pragma:"no-cache", Expires:"0", X-Frame-Options:"DENY"]
     Content type = application/json
             Body = {"content":[{"id":"3ae6e2c6-4919-47ac-8934-b3cac46badf7","title":"Lord of the rings - fellowship of the ring","description":"Lord of the rings - fellowship of the ring","url":"http://www.lordoftherings.com","category":{"id":"d1c624ba-6e55-4ba5-907d-0f274353d030","rating":"FREE","title":"Fantasy","colorHex":"#FFD700"}},{"id":"978cfe04-3ddf-4216-a645-40036ef11171","title":"Lord of the rings - return of the king","description":"Lord of the rings - return of the king","url":"http://www.lordoftherings.com","category":{"id":"d1c624ba-6e55-4ba5-907d-0f274353d030","rating":"FREE","title":"Fantasy","colorHex":"#FFD700"}},{"id":"0bc467b4-7a9f-448f-b38f-ce56444de9c9","title":"Lord of the rings - The Two towers","description":"Lord of the rings - The Two towers","url":"http://www.lordoftherings.com","category":{"id":"d1c624ba-6e55-4ba5-907d-0f274353d030","rating":"FREE","title":"Fantasy","colorHex":"#FFD700"}},{"id":"7e1d0254-fbba-4d22-b6f5-dce34412249f","title":"The hobbit - unnespect adventure","description":"The hobbit - unnespect adventure","url":"http://www.thehobbit.com","category":{"id":"d1c624ba-6e55-4ba5-907d-0f274353d030","rating":"FREE","title":"Fantasy","colorHex":"#FFD700"}}],"pageable":"INSTANCE","totalPages":1,"totalElements":4,"last":true,"size":4,"number":0,"sort":{"empty":true,"sorted":false,"unsorted":true},"numberOfElements":4,"first":true,"empty":false}
    Forwarded URL = null
   Redirected URL = null
          Cookies = []
]]></system-out>
  </testcase>
  <testcase name="save_a_new_video_test" classname="com.alura.aluraflixapi.controller.VideoControllerTest" time="0.382">
    <system-out><![CDATA[2023-10-26T10:55:52.213+02:00  INFO 33900 --- [           main] c.a.a.i.security.SecurityFilter          : [SecurityFilter] request received intercepeted by Internal Filter
2023-10-26T10:55:52.568+02:00  INFO 33900 --- [           main] c.a.a.controller.VideoController         : [VideoController] Request to Save a new video: VideoDto[id=2b5d466a-3986-46ff-bd36-a117d4f1672c, title=Rings of power, description=Rings of power Amazon Series, url=http://www.ringsofpower.com, category=CategoryDto[id=84e60ea3-bec3-47cb-9cd6-114e079650bf, rating=FANTASY, title=Fantasy, colorHex=#ffd700]]

MockHttpServletRequest:
      HTTP Method = POST
      Request URI = /videos
       Parameters = {}
          Headers = [Content-Type:"application/json;charset=UTF-8", Content-Length:"266", X-CSRF-TOKEN:"b8tPapMuXO3hvtKw-kpOElY0FuvaKhcev4ZEuDPPnWccw0rsXPwuUqQWOd7M2OWAmGd6czVWO9PjEnEz3Ocnjwf4r18v9nKI"]
             Body = {"id":"2b5d466a-3986-46ff-bd36-a117d4f1672c","title":"Rings of power","description":"Rings of power Amazon Series","url":"http://www.ringsofpower.com","category":{"id":"84e60ea3-bec3-47cb-9cd6-114e079650bf","rating":"FANTASY","title":"Fantasy","colorHex":"#ffd700"}}
    Session Attrs = {SPRING_SECURITY_CONTEXT=SecurityContextImpl [Authentication=UsernamePasswordAuthenticationToken [Principal=org.springframework.security.core.userdetails.User [Username=admin, Password=[PROTECTED], Enabled=true, AccountNonExpired=true, credentialsNonExpired=true, AccountNonLocked=true, Granted Authorities=[ROLE_ADMIN]], Credentials=[PROTECTED], Authenticated=true, Details=null, Granted Authorities=[ROLE_ADMIN]]]}

Handler:
             Type = com.alura.aluraflixapi.controller.VideoController
           Method = com.alura.aluraflixapi.controller.VideoController#save(VideoDto, UriComponentsBuilder)

Async:
    Async started = false
     Async result = null

Resolved Exception:
             Type = null

ModelAndView:
        View name = null
             View = null
            Model = null

FlashMap:
       Attributes = null

MockHttpServletResponse:
           Status = 201
    Error message = null
          Headers = [Location:"http://localhost/videos/2b5d466a-3986-46ff-bd36-a117d4f1672c", Content-Type:"application/json", X-Content-Type-Options:"nosniff", X-XSS-Protection:"0", Cache-Control:"no-cache, no-store, max-age=0, must-revalidate", Pragma:"no-cache", Expires:"0", X-Frame-Options:"DENY"]
     Content type = application/json
             Body = {"id":"2b5d466a-3986-46ff-bd36-a117d4f1672c","title":"Rings of power","description":"Rings of power Amazon Series","url":"http://www.ringsofpower.com","category":{"id":"84e60ea3-bec3-47cb-9cd6-114e079650bf","rating":"FANTASY","title":"Fantasy","colorHex":"#ffd700"}}
    Forwarded URL = null
   Redirected URL = http://localhost/videos/2b5d466a-3986-46ff-bd36-a117d4f1672c
          Cookies = []
]]></system-out>
  </testcase>
  <testcase name="update_video_by_id_test" classname="com.alura.aluraflixapi.controller.VideoControllerTest" time="0.033">
    <system-out><![CDATA[2023-10-26T10:55:52.598+02:00  INFO 33900 --- [           main] c.a.a.i.security.SecurityFilter          : [SecurityFilter] request received intercepeted by Internal Filter
2023-10-26T10:55:52.606+02:00  INFO 33900 --- [           main] c.a.a.controller.VideoController         : [VideoController] Request to update a video: UpdateVideoDto[id=f06443c6-26f2-4243-b17f-189dec6c3f8d, title=Hobbit: La batalla de los cincos ejercitos, description=La batalla de los cincos ejercitos, url=www.thehobbit2.com, category=CategoryDto[id=5139ec38-f4c2-457f-8965-c052b2fac23a, rating=FANTASY, title=Fantasy, colorHex=#FFD700]]

MockHttpServletRequest:
      HTTP Method = PUT
      Request URI = /videos
       Parameters = {}
          Headers = [Content-Type:"application/json;charset=UTF-8", Content-Length:"291", X-CSRF-TOKEN:"bXvawWKXC2vSDAbaXVxOgAPjFIdqYgCR8neUzBaoQ1fb27nTVUu8oAP0bVv_ODW5aXF6tzuHOeVcAzO8wROj-yCYIG_i44qx"]
             Body = {"id":"f06443c6-26f2-4243-b17f-189dec6c3f8d","title":"Hobbit: La batalla de los cincos ejercitos","description":"La batalla de los cincos ejercitos","url":"www.thehobbit2.com","category":{"id":"5139ec38-f4c2-457f-8965-c052b2fac23a","rating":"FANTASY","title":"Fantasy","colorHex":"#FFD700"}}
    Session Attrs = {SPRING_SECURITY_CONTEXT=SecurityContextImpl [Authentication=UsernamePasswordAuthenticationToken [Principal=org.springframework.security.core.userdetails.User [Username=admin, Password=[PROTECTED], Enabled=true, AccountNonExpired=true, credentialsNonExpired=true, AccountNonLocked=true, Granted Authorities=[ROLE_ADMIN]], Credentials=[PROTECTED], Authenticated=true, Details=null, Granted Authorities=[ROLE_ADMIN]]]}

Handler:
             Type = com.alura.aluraflixapi.controller.VideoController
           Method = com.alura.aluraflixapi.controller.VideoController#update(UpdateVideoDto, UriComponentsBuilder)

Async:
    Async started = false
     Async result = null

Resolved Exception:
             Type = null

ModelAndView:
        View name = null
             View = null
            Model = null

FlashMap:
       Attributes = null

MockHttpServletResponse:
           Status = 201
    Error message = null
          Headers = [Location:"http://localhost/videos/f06443c6-26f2-4243-b17f-189dec6c3f8d", Content-Type:"application/json", X-Content-Type-Options:"nosniff", X-XSS-Protection:"0", Cache-Control:"no-cache, no-store, max-age=0, must-revalidate", Pragma:"no-cache", Expires:"0", X-Frame-Options:"DENY"]
     Content type = application/json
             Body = {"id":"f06443c6-26f2-4243-b17f-189dec6c3f8d","title":"Hobbit: La batalla de los cincos ejercitos","description":"La batalla de los cincos ejercitos","url":"www.thehobbit2.com","category":{"id":"5139ec38-f4c2-457f-8965-c052b2fac23a","rating":"FANTASY","title":"Fantasy","colorHex":"#FFD700"}}
    Forwarded URL = null
   Redirected URL = http://localhost/videos/f06443c6-26f2-4243-b17f-189dec6c3f8d
          Cookies = []
]]></system-out>
  </testcase>
</testsuite>